{"numFailedTestSuites":1,"numFailedTests":1,"numPassedTestSuites":5,"numPassedTests":101,"numPendingTestSuites":3,"numPendingTests":38,"numRuntimeErrorTestSuites":0,"numTodoTests":0,"numTotalTestSuites":9,"numTotalTests":140,"openHandles":[],"snapshot":{"added":0,"didUpdate":false,"failure":false,"filesAdded":0,"filesRemoved":0,"filesRemovedList":[],"filesUnmatched":0,"filesUpdated":0,"matched":0,"total":0,"unchecked":0,"uncheckedKeysByFile":[],"unmatched":0,"updated":0},"startTime":1768067402029,"success":false,"testResults":[{"assertionResults":[{"ancestorTitles":["BrowserPool","Browser Management"],"duration":null,"failureDetails":[],"failureMessages":[],"fullName":"BrowserPool Browser Management should create and reuse browser instances","invocations":1,"location":null,"numPassingAsserts":0,"retryReasons":[],"status":"pending","title":"should create and reuse browser instances"},{"ancestorTitles":["BrowserPool","Browser Management"],"duration":null,"failureDetails":[],"failureMessages":[],"fullName":"BrowserPool Browser Management should create different browsers for different options","invocations":1,"location":null,"numPassingAsserts":0,"retryReasons":[],"status":"pending","title":"should create different browsers for different options"},{"ancestorTitles":["BrowserPool","Browser Management"],"duration":null,"failureDetails":[],"failureMessages":[],"fullName":"BrowserPool Browser Management should handle browser disconnection gracefully","invocations":1,"location":null,"numPassingAsserts":0,"retryReasons":[],"status":"pending","title":"should handle browser disconnection gracefully"},{"ancestorTitles":["BrowserPool","Page Management"],"duration":null,"failureDetails":[],"failureMessages":[],"fullName":"BrowserPool Page Management should create and track pages","invocations":1,"location":null,"numPassingAsserts":0,"retryReasons":[],"status":"pending","title":"should create and track pages"},{"ancestorTitles":["BrowserPool","Page Management"],"duration":null,"failureDetails":[],"failureMessages":[],"fullName":"BrowserPool Page Management should configure page with default settings","invocations":1,"location":null,"numPassingAsserts":0,"retryReasons":[],"status":"pending","title":"should configure page with default settings"},{"ancestorTitles":["BrowserPool","Page Management"],"duration":null,"failureDetails":[],"failureMessages":[],"fullName":"BrowserPool Page Management should configure page with custom settings","invocations":1,"location":null,"numPassingAsserts":0,"retryReasons":[],"status":"pending","title":"should configure page with custom settings"},{"ancestorTitles":["BrowserPool","Page Management"],"duration":null,"failureDetails":[],"failureMessages":[],"fullName":"BrowserPool Page Management should close pages properly","invocations":1,"location":null,"numPassingAsserts":0,"retryReasons":[],"status":"pending","title":"should close pages properly"},{"ancestorTitles":["BrowserPool","Page Management"],"duration":null,"failureDetails":[],"failureMessages":[],"fullName":"BrowserPool Page Management should update page activity","invocations":1,"location":null,"numPassingAsserts":0,"retryReasons":[],"status":"pending","title":"should update page activity"},{"ancestorTitles":["BrowserPool","Resource Management"],"duration":null,"failureDetails":[],"failureMessages":[],"fullName":"BrowserPool Resource Management should respect maximum browsers limit","invocations":1,"location":null,"numPassingAsserts":0,"retryReasons":[],"status":"pending","title":"should respect maximum browsers limit"},{"ancestorTitles":["BrowserPool","Resource Management"],"duration":null,"failureDetails":[],"failureMessages":[],"fullName":"BrowserPool Resource Management should respect maximum pages per browser limit","invocations":1,"location":null,"numPassingAsserts":0,"retryReasons":[],"status":"pending","title":"should respect maximum pages per browser limit"},{"ancestorTitles":["BrowserPool","Resource Management"],"duration":null,"failureDetails":[],"failureMessages":[],"fullName":"BrowserPool Resource Management should cleanup idle pages","invocations":1,"location":null,"numPassingAsserts":0,"retryReasons":[],"status":"pending","title":"should cleanup idle pages"},{"ancestorTitles":["BrowserPool","Statistics"],"duration":null,"failureDetails":[],"failureMessages":[],"fullName":"BrowserPool Statistics should provide accurate statistics","invocations":1,"location":null,"numPassingAsserts":0,"retryReasons":[],"status":"pending","title":"should provide accurate statistics"},{"ancestorTitles":["BrowserPool","Statistics"],"duration":null,"failureDetails":[],"failureMessages":[],"fullName":"BrowserPool Statistics should track pages by browser","invocations":1,"location":null,"numPassingAsserts":0,"retryReasons":[],"status":"pending","title":"should track pages by browser"},{"ancestorTitles":["BrowserPool","Shutdown"],"duration":null,"failureDetails":[],"failureMessages":[],"fullName":"BrowserPool Shutdown should shutdown gracefully","invocations":1,"location":null,"numPassingAsserts":0,"retryReasons":[],"status":"pending","title":"should shutdown gracefully"},{"ancestorTitles":["BrowserPool","Shutdown"],"duration":null,"failureDetails":[],"failureMessages":[],"fullName":"BrowserPool Shutdown should prevent new operations after shutdown","invocations":1,"location":null,"numPassingAsserts":0,"retryReasons":[],"status":"pending","title":"should prevent new operations after shutdown"},{"ancestorTitles":["BrowserPool","Error Handling"],"duration":null,"failureDetails":[],"failureMessages":[],"fullName":"BrowserPool Error Handling should handle page creation errors gracefully","invocations":1,"location":null,"numPassingAsserts":0,"retryReasons":[],"status":"pending","title":"should handle page creation errors gracefully"},{"ancestorTitles":["BrowserPool","Error Handling"],"duration":null,"failureDetails":[],"failureMessages":[],"fullName":"BrowserPool Error Handling should handle page closure errors gracefully","invocations":1,"location":null,"numPassingAsserts":0,"retryReasons":[],"status":"pending","title":"should handle page closure errors gracefully"}],"coverage":{},"endTime":1768067405468,"message":"","name":"/Users/user/Downloads/designqa/apps/saas-backend/tests/unit/BrowserPool.test.js","startTime":1768067405468,"status":"skipped","summary":""},{"assertionResults":[{"ancestorTitles":["UnifiedWebExtractor","Browser Initialization"],"duration":null,"failureDetails":[],"failureMessages":[],"fullName":"UnifiedWebExtractor Browser Initialization should initialize browser when not already initialized","invocations":1,"location":null,"numPassingAsserts":0,"retryReasons":[],"status":"pending","title":"should initialize browser when not already initialized"},{"ancestorTitles":["UnifiedWebExtractor","Browser Initialization"],"duration":null,"failureDetails":[],"failureMessages":[],"fullName":"UnifiedWebExtractor Browser Initialization should not reinitialize browser if already initialized","invocations":1,"location":null,"numPassingAsserts":0,"retryReasons":[],"status":"pending","title":"should not reinitialize browser if already initialized"},{"ancestorTitles":["UnifiedWebExtractor","Browser Initialization"],"duration":null,"failureDetails":[],"failureMessages":[],"fullName":"UnifiedWebExtractor Browser Initialization should handle browser initialization failure gracefully","invocations":1,"location":null,"numPassingAsserts":0,"retryReasons":[],"status":"pending","title":"should handle browser initialization failure gracefully"},{"ancestorTitles":["UnifiedWebExtractor","extractWebData"],"duration":null,"failureDetails":[],"failureMessages":[],"fullName":"UnifiedWebExtractor extractWebData should auto-initialize browser if not initialized","invocations":1,"location":null,"numPassingAsserts":0,"retryReasons":[],"status":"pending","title":"should auto-initialize browser if not initialized"},{"ancestorTitles":["UnifiedWebExtractor","extractWebData"],"duration":null,"failureDetails":[],"failureMessages":[],"fullName":"UnifiedWebExtractor extractWebData should not reinitialize if browser already exists","invocations":1,"location":null,"numPassingAsserts":0,"retryReasons":[],"status":"pending","title":"should not reinitialize if browser already exists"},{"ancestorTitles":["UnifiedWebExtractor","extractWebData"],"duration":null,"failureDetails":[],"failureMessages":[],"fullName":"UnifiedWebExtractor extractWebData should handle null browser gracefully","invocations":1,"location":null,"numPassingAsserts":0,"retryReasons":[],"status":"pending","title":"should handle null browser gracefully"}],"coverage":{},"endTime":1768067405468,"message":"","name":"/Users/user/Downloads/designqa/apps/saas-backend/tests/unit/web/enhancedWebExtractor.test.js","startTime":1768067405468,"status":"skipped","summary":""},{"assertionResults":[{"ancestorTitles":["UnifiedWebExtractor","Constructor and Initialization"],"duration":null,"failureDetails":[],"failureMessages":[],"fullName":"UnifiedWebExtractor Constructor and Initialization should initialize with valid config","invocations":1,"location":null,"numPassingAsserts":0,"retryReasons":[],"status":"pending","title":"should initialize with valid config"},{"ancestorTitles":["UnifiedWebExtractor","Constructor and Initialization"],"duration":null,"failureDetails":[],"failureMessages":[],"fullName":"UnifiedWebExtractor Constructor and Initialization should initialize with default config when none provided","invocations":1,"location":null,"numPassingAsserts":0,"retryReasons":[],"status":"pending","title":"should initialize with default config when none provided"},{"ancestorTitles":["UnifiedWebExtractor","Constructor and Initialization"],"duration":null,"failureDetails":[],"failureMessages":[],"fullName":"UnifiedWebExtractor Constructor and Initialization should have null browser and page initially","invocations":1,"location":null,"numPassingAsserts":0,"retryReasons":[],"status":"pending","title":"should have null browser and page initially"},{"ancestorTitles":["UnifiedWebExtractor","Utility Functions"],"duration":null,"failureDetails":[],"failureMessages":[],"fullName":"UnifiedWebExtractor Utility Functions should convert RGB to hex correctly","invocations":1,"location":null,"numPassingAsserts":0,"retryReasons":[],"status":"pending","title":"should convert RGB to hex correctly"},{"ancestorTitles":["UnifiedWebExtractor","Utility Functions"],"duration":null,"failureDetails":[],"failureMessages":[],"fullName":"UnifiedWebExtractor Utility Functions should generate CSS selector correctly","invocations":1,"location":null,"numPassingAsserts":0,"retryReasons":[],"status":"pending","title":"should generate CSS selector correctly"},{"ancestorTitles":["UnifiedWebExtractor","Utility Functions"],"duration":null,"failureDetails":[],"failureMessages":[],"fullName":"UnifiedWebExtractor Utility Functions should handle config merging correctly","invocations":1,"location":null,"numPassingAsserts":0,"retryReasons":[],"status":"pending","title":"should handle config merging correctly"},{"ancestorTitles":["UnifiedWebExtractor","Configuration and Setup"],"duration":null,"failureDetails":[],"failureMessages":[],"fullName":"UnifiedWebExtractor Configuration and Setup should handle authentication config validation","invocations":1,"location":null,"numPassingAsserts":0,"retryReasons":[],"status":"pending","title":"should handle authentication config validation"},{"ancestorTitles":["UnifiedWebExtractor","Configuration and Setup"],"duration":null,"failureDetails":[],"failureMessages":[],"fullName":"UnifiedWebExtractor Configuration and Setup should handle cookies authentication config","invocations":1,"location":null,"numPassingAsserts":0,"retryReasons":[],"status":"pending","title":"should handle cookies authentication config"},{"ancestorTitles":["UnifiedWebExtractor","Configuration and Setup"],"duration":null,"failureDetails":[],"failureMessages":[],"fullName":"UnifiedWebExtractor Configuration and Setup should handle headers authentication config","invocations":1,"location":null,"numPassingAsserts":0,"retryReasons":[],"status":"pending","title":"should handle headers authentication config"},{"ancestorTitles":["UnifiedWebExtractor","Error Handling"],"duration":null,"failureDetails":[],"failureMessages":[],"fullName":"UnifiedWebExtractor Error Handling should handle invalid RGB color format","invocations":1,"location":null,"numPassingAsserts":0,"retryReasons":[],"status":"pending","title":"should handle invalid RGB color format"},{"ancestorTitles":["UnifiedWebExtractor","Error Handling"],"duration":null,"failureDetails":[],"failureMessages":[],"fullName":"UnifiedWebExtractor Error Handling should handle element without ID or class in CSS selector generation","invocations":1,"location":null,"numPassingAsserts":0,"retryReasons":[],"status":"pending","title":"should handle element without ID or class in CSS selector generation"},{"ancestorTitles":["UnifiedWebExtractor","Error Handling"],"duration":null,"failureDetails":[],"failureMessages":[],"fullName":"UnifiedWebExtractor Error Handling should handle missing config properties gracefully","invocations":1,"location":null,"numPassingAsserts":0,"retryReasons":[],"status":"pending","title":"should handle missing config properties gracefully"},{"ancestorTitles":["UnifiedWebExtractor","Data Validation"],"duration":null,"failureDetails":[],"failureMessages":[],"fullName":"UnifiedWebExtractor Data Validation should validate viewport configuration","invocations":1,"location":null,"numPassingAsserts":0,"retryReasons":[],"status":"pending","title":"should validate viewport configuration"},{"ancestorTitles":["UnifiedWebExtractor","Data Validation"],"duration":null,"failureDetails":[],"failureMessages":[],"fullName":"UnifiedWebExtractor Data Validation should validate timeout configuration","invocations":1,"location":null,"numPassingAsserts":0,"retryReasons":[],"status":"pending","title":"should validate timeout configuration"},{"ancestorTitles":["UnifiedWebExtractor","Data Validation"],"duration":null,"failureDetails":[],"failureMessages":[],"fullName":"UnifiedWebExtractor Data Validation should validate headless configuration","invocations":1,"location":null,"numPassingAsserts":0,"retryReasons":[],"status":"pending","title":"should validate headless configuration"}],"coverage":{},"endTime":1768067405468,"message":"","name":"/Users/user/Downloads/designqa/apps/saas-backend/tests/unit/scraper/webExtractor.test.js","startTime":1768067405468,"status":"skipped","summary":""},{"assertionResults":[{"ancestorTitles":["Configuration System","loadConfig"],"duration":4,"failureDetails":[],"failureMessages":[],"fullName":"Configuration System loadConfig should load default configuration","invocations":1,"location":null,"numPassingAsserts":7,"retryReasons":[],"status":"passed","title":"should load default configuration"},{"ancestorTitles":["Configuration System","loadConfig"],"duration":2,"failureDetails":[{"matcherResult":{"actual":"127.0.0.1","expected":"example.com","message":"expect(received).toBe(expected) // Object.is equality\n\nExpected: \"example.com\"\nReceived: \"127.0.0.1\"","name":"toBe","pass":false}}],"failureMessages":["Error: expect(received).toBe(expected) // Object.is equality\n\nExpected: \"example.com\"\nReceived: \"127.0.0.1\"\n    at Object.toBe (/Users/user/Downloads/designqa/apps/saas-backend/tests/unit/config.test.js:93:34)"],"fullName":"Configuration System loadConfig should override defaults with environment variables","invocations":1,"location":null,"numPassingAsserts":1,"retryReasons":[],"status":"failed","title":"should override defaults with environment variables"},{"ancestorTitles":["Configuration System","loadConfig"],"duration":0,"failureDetails":[],"failureMessages":[],"fullName":"Configuration System loadConfig should parse array environment variables","invocations":1,"location":null,"numPassingAsserts":2,"retryReasons":[],"status":"passed","title":"should parse array environment variables"},{"ancestorTitles":["Configuration System","loadConfig"],"duration":0,"failureDetails":[],"failureMessages":[],"fullName":"Configuration System loadConfig should handle invalid port gracefully","invocations":1,"location":null,"numPassingAsserts":1,"retryReasons":[],"status":"passed","title":"should handle invalid port gracefully"},{"ancestorTitles":["Configuration System","loadConfig"],"duration":0,"failureDetails":[],"failureMessages":[],"fullName":"Configuration System loadConfig should handle boolean environment variables","invocations":1,"location":null,"numPassingAsserts":2,"retryReasons":[],"status":"passed","title":"should handle boolean environment variables"},{"ancestorTitles":["Configuration System","getFigmaApiKey"],"duration":0,"failureDetails":[],"failureMessages":[],"fullName":"Configuration System getFigmaApiKey should return API key from environment","invocations":1,"location":null,"numPassingAsserts":1,"retryReasons":[],"status":"passed","title":"should return API key from environment"},{"ancestorTitles":["Configuration System","getFigmaApiKey"],"duration":3,"failureDetails":[],"failureMessages":[],"fullName":"Configuration System getFigmaApiKey should throw error when API key is not set","invocations":1,"location":null,"numPassingAsserts":1,"retryReasons":[],"status":"passed","title":"should throw error when API key is not set"},{"ancestorTitles":["Configuration System","getFigmaApiKey"],"duration":0,"failureDetails":[],"failureMessages":[],"fullName":"Configuration System getFigmaApiKey should accept FIGMA_PERSONAL_ACCESS_TOKEN as alternative","invocations":1,"location":null,"numPassingAsserts":1,"retryReasons":[],"status":"passed","title":"should accept FIGMA_PERSONAL_ACCESS_TOKEN as alternative"},{"ancestorTitles":["Configuration System","Configuration caching"],"duration":1,"failureDetails":[],"failureMessages":[],"fullName":"Configuration System Configuration caching should cache configuration for performance","invocations":1,"location":null,"numPassingAsserts":2,"retryReasons":[],"status":"passed","title":"should cache configuration for performance"},{"ancestorTitles":["Configuration System","Edge cases"],"duration":0,"failureDetails":[],"failureMessages":[],"fullName":"Configuration System Edge cases should handle missing environment variables gracefully","invocations":1,"location":null,"numPassingAsserts":4,"retryReasons":[],"status":"passed","title":"should handle missing environment variables gracefully"},{"ancestorTitles":["Configuration System","Edge cases"],"duration":0,"failureDetails":[],"failureMessages":[],"fullName":"Configuration System Edge cases should handle numeric string environment variables","invocations":1,"location":null,"numPassingAsserts":2,"retryReasons":[],"status":"passed","title":"should handle numeric string environment variables"}],"endTime":1768067404363,"message":"  ● Configuration System › loadConfig › should override defaults with environment variables\n\n    expect(received).toBe(expected) // Object.is equality\n\n    Expected: \"example.com\"\n    Received: \"127.0.0.1\"\n\n      91 |       \n      92 |       expect(config.server.port).toBe(8080);\n    > 93 |       expect(config.server.host).toBe('example.com');\n         |                                  ^\n      94 |       if (config.figma && config.figma.apiKey) {\n      95 |         expect(config.figma.apiKey).toBe('test-api-key');\n      96 |       }\n\n      at Object.toBe (tests/unit/config.test.js:93:34)\n","name":"/Users/user/Downloads/designqa/apps/saas-backend/tests/unit/config.test.js","startTime":1768067404258,"status":"failed","summary":""},{"assertionResults":[{"ancestorTitles":["ComparisonEngine","Constructor and Initialization"],"duration":1,"failureDetails":[],"failureMessages":[],"fullName":"ComparisonEngine Constructor and Initialization should initialize with valid config","invocations":1,"location":null,"numPassingAsserts":2,"retryReasons":[],"status":"passed","title":"should initialize with valid config"},{"ancestorTitles":["ComparisonEngine","Constructor and Initialization"],"duration":1,"failureDetails":[],"failureMessages":[],"fullName":"ComparisonEngine Constructor and Initialization should initialize with default thresholds","invocations":1,"location":null,"numPassingAsserts":5,"retryReasons":[],"status":"passed","title":"should initialize with default thresholds"},{"ancestorTitles":["ComparisonEngine","Design Comparison"],"duration":12,"failureDetails":[],"failureMessages":[],"fullName":"ComparisonEngine Design Comparison should compare figma and web designs","invocations":1,"location":null,"numPassingAsserts":4,"retryReasons":[],"status":"passed","title":"should compare figma and web designs"},{"ancestorTitles":["ComparisonEngine","Design Comparison"],"duration":9,"failureDetails":[],"failureMessages":[],"fullName":"ComparisonEngine Design Comparison should generate comparison metadata","invocations":1,"location":null,"numPassingAsserts":7,"retryReasons":[],"status":"passed","title":"should generate comparison metadata"},{"ancestorTitles":["ComparisonEngine","Design Comparison"],"duration":10,"failureDetails":[],"failureMessages":[],"fullName":"ComparisonEngine Design Comparison should calculate summary statistics","invocations":1,"location":null,"numPassingAsserts":5,"retryReasons":[],"status":"passed","title":"should calculate summary statistics"},{"ancestorTitles":["ComparisonEngine","Component Matching"],"duration":8,"failureDetails":[],"failureMessages":[],"fullName":"ComparisonEngine Component Matching should match components by type and properties","invocations":1,"location":null,"numPassingAsserts":3,"retryReasons":[],"status":"passed","title":"should match components by type and properties"},{"ancestorTitles":["ComparisonEngine","Component Matching"],"duration":10,"failureDetails":[],"failureMessages":[],"fullName":"ComparisonEngine Component Matching should match components by position","invocations":1,"location":null,"numPassingAsserts":2,"retryReasons":[],"status":"passed","title":"should match components by position"},{"ancestorTitles":["ComparisonEngine","Component Matching"],"duration":9,"failureDetails":[],"failureMessages":[],"fullName":"ComparisonEngine Component Matching should handle unmatched components","invocations":1,"location":null,"numPassingAsserts":3,"retryReasons":[],"status":"passed","title":"should handle unmatched components"},{"ancestorTitles":["ComparisonEngine","Component Matching"],"duration":10,"failureDetails":[],"failureMessages":[],"fullName":"ComparisonEngine Component Matching should calculate match confidence scores","invocations":1,"location":null,"numPassingAsserts":10,"retryReasons":[],"status":"passed","title":"should calculate match confidence scores"},{"ancestorTitles":["ComparisonEngine","Property Comparison"],"duration":12,"failureDetails":[],"failureMessages":[],"fullName":"ComparisonEngine Property Comparison should compare font properties correctly","invocations":1,"location":null,"numPassingAsserts":2,"retryReasons":[],"status":"passed","title":"should compare font properties correctly"},{"ancestorTitles":["ComparisonEngine","Property Comparison"],"duration":13,"failureDetails":[],"failureMessages":[],"fullName":"ComparisonEngine Property Comparison should compare color properties correctly","invocations":1,"location":null,"numPassingAsserts":3,"retryReasons":[],"status":"passed","title":"should compare color properties correctly"},{"ancestorTitles":["ComparisonEngine","Property Comparison"],"duration":15,"failureDetails":[],"failureMessages":[],"fullName":"ComparisonEngine Property Comparison should detect property deviations","invocations":1,"location":null,"numPassingAsserts":17,"retryReasons":[],"status":"passed","title":"should detect property deviations"},{"ancestorTitles":["ComparisonEngine","Property Comparison"],"duration":18,"failureDetails":[],"failureMessages":[],"fullName":"ComparisonEngine Property Comparison should apply threshold tolerances","invocations":1,"location":null,"numPassingAsserts":3,"retryReasons":[],"status":"passed","title":"should apply threshold tolerances"},{"ancestorTitles":["ComparisonEngine","Color Analysis"],"duration":14,"failureDetails":[],"failureMessages":[],"fullName":"ComparisonEngine Color Analysis should extract and analyze colors","invocations":1,"location":null,"numPassingAsserts":3,"retryReasons":[],"status":"passed","title":"should extract and analyze colors"},{"ancestorTitles":["ComparisonEngine","Color Analysis"],"duration":1,"failureDetails":[],"failureMessages":[],"fullName":"ComparisonEngine Color Analysis should handle color comparison in real implementation","invocations":1,"location":null,"numPassingAsserts":3,"retryReasons":[],"status":"passed","title":"should handle color comparison in real implementation"},{"ancestorTitles":["ComparisonEngine","Color Analysis"],"duration":0,"failureDetails":[],"failureMessages":[],"fullName":"ComparisonEngine Color Analysis should handle different color formats","invocations":1,"location":null,"numPassingAsserts":1,"retryReasons":[],"status":"passed","title":"should handle different color formats"},{"ancestorTitles":["ComparisonEngine","Color Analysis"],"duration":0,"failureDetails":[],"failureMessages":[],"fullName":"ComparisonEngine Color Analysis should calculate color similarity","invocations":1,"location":null,"numPassingAsserts":3,"retryReasons":[],"status":"passed","title":"should calculate color similarity"},{"ancestorTitles":["ComparisonEngine","Typography Analysis"],"duration":18,"failureDetails":[],"failureMessages":[],"fullName":"ComparisonEngine Typography Analysis should extract and analyze typography","invocations":1,"location":null,"numPassingAsserts":3,"retryReasons":[],"status":"passed","title":"should extract and analyze typography"},{"ancestorTitles":["ComparisonEngine","Typography Analysis"],"duration":0,"failureDetails":[],"failureMessages":[],"fullName":"ComparisonEngine Typography Analysis should normalize font family names","invocations":1,"location":null,"numPassingAsserts":4,"retryReasons":[],"status":"passed","title":"should normalize font family names"},{"ancestorTitles":["ComparisonEngine","Typography Analysis"],"duration":0,"failureDetails":[],"failureMessages":[],"fullName":"ComparisonEngine Typography Analysis should compare font sizes with units","invocations":1,"location":null,"numPassingAsserts":3,"retryReasons":[],"status":"passed","title":"should compare font sizes with units"},{"ancestorTitles":["ComparisonEngine","Typography Analysis"],"duration":0,"failureDetails":[],"failureMessages":[],"fullName":"ComparisonEngine Typography Analysis should handle different font weight formats","invocations":1,"location":null,"numPassingAsserts":4,"retryReasons":[],"status":"passed","title":"should handle different font weight formats"},{"ancestorTitles":["ComparisonEngine","Severity Assessment"],"duration":1,"failureDetails":[],"failureMessages":[],"fullName":"ComparisonEngine Severity Assessment should assign correct severity levels","invocations":1,"location":null,"numPassingAsserts":4,"retryReasons":[],"status":"passed","title":"should assign correct severity levels"},{"ancestorTitles":["ComparisonEngine","Severity Assessment"],"duration":19,"failureDetails":[],"failureMessages":[],"fullName":"ComparisonEngine Severity Assessment should count severity levels in summary","invocations":1,"location":null,"numPassingAsserts":1,"retryReasons":[],"status":"passed","title":"should count severity levels in summary"},{"ancestorTitles":["ComparisonEngine","Error Handling"],"duration":14,"failureDetails":[],"failureMessages":[],"fullName":"ComparisonEngine Error Handling should handle empty figma data","invocations":1,"location":null,"numPassingAsserts":2,"retryReasons":[],"status":"passed","title":"should handle empty figma data"},{"ancestorTitles":["ComparisonEngine","Error Handling"],"duration":23,"failureDetails":[],"failureMessages":[],"fullName":"ComparisonEngine Error Handling should handle empty web data","invocations":1,"location":null,"numPassingAsserts":2,"retryReasons":[],"status":"passed","title":"should handle empty web data"},{"ancestorTitles":["ComparisonEngine","Error Handling"],"duration":15,"failureDetails":[],"failureMessages":[],"fullName":"ComparisonEngine Error Handling should handle malformed component data","invocations":1,"location":null,"numPassingAsserts":3,"retryReasons":[],"status":"passed","title":"should handle malformed component data"},{"ancestorTitles":["ComparisonEngine","Error Handling"],"duration":0,"failureDetails":[],"failureMessages":[],"fullName":"ComparisonEngine Error Handling should handle invalid color values","invocations":1,"location":null,"numPassingAsserts":1,"retryReasons":[],"status":"passed","title":"should handle invalid color values"},{"ancestorTitles":["ComparisonEngine","Performance"],"duration":22,"failureDetails":[],"failureMessages":[],"fullName":"ComparisonEngine Performance should handle large datasets efficiently","invocations":1,"location":null,"numPassingAsserts":2,"retryReasons":[],"status":"passed","title":"should handle large datasets efficiently"},{"ancestorTitles":["ComparisonEngine","Performance"],"duration":18,"failureDetails":[],"failureMessages":[],"fullName":"ComparisonEngine Performance should optimize matching algorithms","invocations":1,"location":null,"numPassingAsserts":2,"retryReasons":[],"status":"passed","title":"should optimize matching algorithms"},{"ancestorTitles":["ComparisonEngine","Report Generation"],"duration":22,"failureDetails":[],"failureMessages":[],"fullName":"ComparisonEngine Report Generation should generate detailed comparison report","invocations":1,"location":null,"numPassingAsserts":5,"retryReasons":[],"status":"passed","title":"should generate detailed comparison report"},{"ancestorTitles":["ComparisonEngine","Report Generation"],"duration":19,"failureDetails":[],"failureMessages":[],"fullName":"ComparisonEngine Report Generation should include actionable recommendations","invocations":1,"location":null,"numPassingAsserts":12,"retryReasons":[],"status":"passed","title":"should include actionable recommendations"}],"endTime":1768067404819,"message":"","name":"/Users/user/Downloads/designqa/apps/saas-backend/tests/unit/compare/comparisonEngine.test.js","startTime":1768067404367,"status":"passed","summary":""},{"assertionResults":[{"ancestorTitles":["UnifiedFigmaExtractor","Constructor and Initialization"],"duration":2,"failureDetails":[],"failureMessages":[],"fullName":"UnifiedFigmaExtractor Constructor and Initialization should initialize with valid config","invocations":1,"location":null,"numPassingAsserts":2,"retryReasons":[],"status":"passed","title":"should initialize with valid config"},{"ancestorTitles":["UnifiedFigmaExtractor","Constructor and Initialization"],"duration":0,"failureDetails":[],"failureMessages":[],"fullName":"UnifiedFigmaExtractor Constructor and Initialization should initialize with empty config","invocations":1,"location":null,"numPassingAsserts":2,"retryReasons":[],"status":"passed","title":"should initialize with empty config"},{"ancestorTitles":["UnifiedFigmaExtractor","Constructor and Initialization"],"duration":1,"failureDetails":[],"failureMessages":[],"fullName":"UnifiedFigmaExtractor Constructor and Initialization should initialize with default values when config is partial","invocations":1,"location":null,"numPassingAsserts":1,"retryReasons":[],"status":"passed","title":"should initialize with default values when config is partial"},{"ancestorTitles":["UnifiedFigmaExtractor","Configuration Validation"],"duration":0,"failureDetails":[],"failureMessages":[],"fullName":"UnifiedFigmaExtractor Configuration Validation should accept valid configuration","invocations":1,"location":null,"numPassingAsserts":1,"retryReasons":[],"status":"passed","title":"should accept valid configuration"},{"ancestorTitles":["UnifiedFigmaExtractor","Configuration Validation"],"duration":0,"failureDetails":[],"failureMessages":[],"fullName":"UnifiedFigmaExtractor Configuration Validation should handle missing figma config","invocations":1,"location":null,"numPassingAsserts":1,"retryReasons":[],"status":"passed","title":"should handle missing figma config"},{"ancestorTitles":["UnifiedFigmaExtractor","Utility Methods"],"duration":0,"failureDetails":[],"failureMessages":[],"fullName":"UnifiedFigmaExtractor Utility Methods should have extract method","invocations":1,"location":null,"numPassingAsserts":1,"retryReasons":[],"status":"passed","title":"should have extract method"},{"ancestorTitles":["UnifiedFigmaExtractor","Utility Methods"],"duration":0,"failureDetails":[],"failureMessages":[],"fullName":"UnifiedFigmaExtractor Utility Methods should have extractionMethods property","invocations":1,"location":null,"numPassingAsserts":2,"retryReasons":[],"status":"passed","title":"should have extractionMethods property"},{"ancestorTitles":["UnifiedFigmaExtractor","Utility Methods"],"duration":0,"failureDetails":[],"failureMessages":[],"fullName":"UnifiedFigmaExtractor Utility Methods should have config property","invocations":1,"location":null,"numPassingAsserts":1,"retryReasons":[],"status":"passed","title":"should have config property"},{"ancestorTitles":["UnifiedFigmaExtractor","Data Processing"],"duration":1,"failureDetails":[],"failureMessages":[],"fullName":"UnifiedFigmaExtractor Data Processing should process mock design data correctly","invocations":1,"location":null,"numPassingAsserts":4,"retryReasons":[],"status":"passed","title":"should process mock design data correctly"},{"ancestorTitles":["UnifiedFigmaExtractor","Data Processing"],"duration":0,"failureDetails":[],"failureMessages":[],"fullName":"UnifiedFigmaExtractor Data Processing should handle empty document","invocations":1,"location":null,"numPassingAsserts":3,"retryReasons":[],"status":"passed","title":"should handle empty document"},{"ancestorTitles":["UnifiedFigmaExtractor","Component Processing"],"duration":1,"failureDetails":[],"failureMessages":[],"fullName":"UnifiedFigmaExtractor Component Processing should process frame components","invocations":1,"location":null,"numPassingAsserts":4,"retryReasons":[],"status":"passed","title":"should process frame components"},{"ancestorTitles":["UnifiedFigmaExtractor","Component Processing"],"duration":0,"failureDetails":[],"failureMessages":[],"fullName":"UnifiedFigmaExtractor Component Processing should handle components with properties","invocations":1,"location":null,"numPassingAsserts":4,"retryReasons":[],"status":"passed","title":"should handle components with properties"},{"ancestorTitles":["UnifiedFigmaExtractor","Error Handling"],"duration":0,"failureDetails":[],"failureMessages":[],"fullName":"UnifiedFigmaExtractor Error Handling should handle invalid data gracefully","invocations":1,"location":null,"numPassingAsserts":3,"retryReasons":[],"status":"passed","title":"should handle invalid data gracefully"},{"ancestorTitles":["UnifiedFigmaExtractor","Error Handling"],"duration":1,"failureDetails":[],"failureMessages":[],"fullName":"UnifiedFigmaExtractor Error Handling should handle null document","invocations":1,"location":null,"numPassingAsserts":2,"retryReasons":[],"status":"passed","title":"should handle null document"},{"ancestorTitles":["UnifiedFigmaExtractor","Data Validation"],"duration":0,"failureDetails":[],"failureMessages":[],"fullName":"UnifiedFigmaExtractor Data Validation should return proper data structure","invocations":1,"location":null,"numPassingAsserts":3,"retryReasons":[],"status":"passed","title":"should return proper data structure"},{"ancestorTitles":["UnifiedFigmaExtractor","Data Validation"],"duration":0,"failureDetails":[],"failureMessages":[],"fullName":"UnifiedFigmaExtractor Data Validation should validate component structure","invocations":1,"location":null,"numPassingAsserts":4,"retryReasons":[],"status":"passed","title":"should validate component structure"}],"endTime":1768067405046,"message":"","name":"/Users/user/Downloads/designqa/apps/saas-backend/tests/unit/figma/extractor.test.js","startTime":1768067404824,"status":"passed","summary":""},{"assertionResults":[{"ancestorTitles":["FigmaUrlParser","parseUrl"],"duration":2,"failureDetails":[],"failureMessages":[],"fullName":"FigmaUrlParser parseUrl should parse standard Figma design URL","invocations":1,"location":null,"numPassingAsserts":1,"retryReasons":[],"status":"passed","title":"should parse standard Figma design URL"},{"ancestorTitles":["FigmaUrlParser","parseUrl"],"duration":0,"failureDetails":[],"failureMessages":[],"fullName":"FigmaUrlParser parseUrl should parse Figma file URL without node ID","invocations":1,"location":null,"numPassingAsserts":1,"retryReasons":[],"status":"passed","title":"should parse Figma file URL without node ID"},{"ancestorTitles":["FigmaUrlParser","parseUrl"],"duration":1,"failureDetails":[],"failureMessages":[],"fullName":"FigmaUrlParser parseUrl should parse Figma proto URL","invocations":1,"location":null,"numPassingAsserts":1,"retryReasons":[],"status":"passed","title":"should parse Figma proto URL"},{"ancestorTitles":["FigmaUrlParser","parseUrl"],"duration":0,"failureDetails":[],"failureMessages":[],"fullName":"FigmaUrlParser parseUrl should parse URL with encoded characters in file name","invocations":1,"location":null,"numPassingAsserts":1,"retryReasons":[],"status":"passed","title":"should parse URL with encoded characters in file name"},{"ancestorTitles":["FigmaUrlParser","parseUrl"],"duration":0,"failureDetails":[],"failureMessages":[],"fullName":"FigmaUrlParser parseUrl should parse URL with complex node ID format","invocations":1,"location":null,"numPassingAsserts":1,"retryReasons":[],"status":"passed","title":"should parse URL with complex node ID format"},{"ancestorTitles":["FigmaUrlParser","parseUrl"],"duration":0,"failureDetails":[],"failureMessages":[],"fullName":"FigmaUrlParser parseUrl should handle URLs with additional query parameters","invocations":1,"location":null,"numPassingAsserts":1,"retryReasons":[],"status":"passed","title":"should handle URLs with additional query parameters"},{"ancestorTitles":["FigmaUrlParser","parseUrl"],"duration":0,"failureDetails":[],"failureMessages":[],"fullName":"FigmaUrlParser parseUrl should handle URLs without file name","invocations":1,"location":null,"numPassingAsserts":1,"retryReasons":[],"status":"passed","title":"should handle URLs without file name"},{"ancestorTitles":["FigmaUrlParser","Error Handling"],"duration":12,"failureDetails":[],"failureMessages":[],"fullName":"FigmaUrlParser Error Handling should throw error for invalid URL format","invocations":1,"location":null,"numPassingAsserts":1,"retryReasons":[],"status":"passed","title":"should throw error for invalid URL format"},{"ancestorTitles":["FigmaUrlParser","Error Handling"],"duration":0,"failureDetails":[],"failureMessages":[],"fullName":"FigmaUrlParser Error Handling should throw error for missing file ID","invocations":1,"location":null,"numPassingAsserts":1,"retryReasons":[],"status":"passed","title":"should throw error for missing file ID"},{"ancestorTitles":["FigmaUrlParser","Error Handling"],"duration":1,"failureDetails":[],"failureMessages":[],"fullName":"FigmaUrlParser Error Handling should throw error for malformed URL","invocations":1,"location":null,"numPassingAsserts":1,"retryReasons":[],"status":"passed","title":"should throw error for malformed URL"},{"ancestorTitles":["FigmaUrlParser","Error Handling"],"duration":0,"failureDetails":[],"failureMessages":[],"fullName":"FigmaUrlParser Error Handling should throw error for empty string","invocations":1,"location":null,"numPassingAsserts":1,"retryReasons":[],"status":"passed","title":"should throw error for empty string"},{"ancestorTitles":["FigmaUrlParser","Error Handling"],"duration":0,"failureDetails":[],"failureMessages":[],"fullName":"FigmaUrlParser Error Handling should throw error for null or undefined","invocations":1,"location":null,"numPassingAsserts":2,"retryReasons":[],"status":"passed","title":"should throw error for null or undefined"},{"ancestorTitles":["FigmaUrlParser","Edge Cases"],"duration":1,"failureDetails":[],"failureMessages":[],"fullName":"FigmaUrlParser Edge Cases should handle URLs with different domains","invocations":1,"location":null,"numPassingAsserts":1,"retryReasons":[],"status":"passed","title":"should handle URLs with different domains"},{"ancestorTitles":["FigmaUrlParser","Edge Cases"],"duration":0,"failureDetails":[],"failureMessages":[],"fullName":"FigmaUrlParser Edge Cases should handle URLs with trailing slashes","invocations":1,"location":null,"numPassingAsserts":2,"retryReasons":[],"status":"passed","title":"should handle URLs with trailing slashes"},{"ancestorTitles":["FigmaUrlParser","Edge Cases"],"duration":0,"failureDetails":[],"failureMessages":[],"fullName":"FigmaUrlParser Edge Cases should handle URLs with hash fragments","invocations":1,"location":null,"numPassingAsserts":2,"retryReasons":[],"status":"passed","title":"should handle URLs with hash fragments"},{"ancestorTitles":["FigmaUrlParser","Edge Cases"],"duration":0,"failureDetails":[],"failureMessages":[],"fullName":"FigmaUrlParser Edge Cases should handle very long file IDs","invocations":1,"location":null,"numPassingAsserts":1,"retryReasons":[],"status":"passed","title":"should handle very long file IDs"},{"ancestorTitles":["FigmaUrlParser","Edge Cases"],"duration":0,"failureDetails":[],"failureMessages":[],"fullName":"FigmaUrlParser Edge Cases should handle special characters in file names","invocations":1,"location":null,"numPassingAsserts":1,"retryReasons":[],"status":"passed","title":"should handle special characters in file names"},{"ancestorTitles":["FigmaUrlParser","Utility Methods"],"duration":1,"failureDetails":[],"failureMessages":[],"fullName":"FigmaUrlParser Utility Methods should validate Figma URLs correctly","invocations":1,"location":null,"numPassingAsserts":7,"retryReasons":[],"status":"passed","title":"should validate Figma URLs correctly"},{"ancestorTitles":["FigmaUrlParser","Utility Methods"],"duration":0,"failureDetails":[],"failureMessages":[],"fullName":"FigmaUrlParser Utility Methods should extract file ID from URL","invocations":1,"location":null,"numPassingAsserts":1,"retryReasons":[],"status":"passed","title":"should extract file ID from URL"},{"ancestorTitles":["FigmaUrlParser","Utility Methods"],"duration":2,"failureDetails":[],"failureMessages":[],"fullName":"FigmaUrlParser Utility Methods should extract node ID from URL","invocations":1,"location":null,"numPassingAsserts":1,"retryReasons":[],"status":"passed","title":"should extract node ID from URL"},{"ancestorTitles":["FigmaUrlParser","Utility Methods"],"duration":0,"failureDetails":[],"failureMessages":[],"fullName":"FigmaUrlParser Utility Methods should return null for missing node ID","invocations":1,"location":null,"numPassingAsserts":1,"retryReasons":[],"status":"passed","title":"should return null for missing node ID"},{"ancestorTitles":["FigmaUrlParser","Performance"],"duration":3,"failureDetails":[],"failureMessages":[],"fullName":"FigmaUrlParser Performance should parse URLs efficiently","invocations":1,"location":null,"numPassingAsserts":1,"retryReasons":[],"status":"passed","title":"should parse URLs efficiently"},{"ancestorTitles":["FigmaUrlParser","Performance"],"duration":7,"failureDetails":[],"failureMessages":[],"fullName":"FigmaUrlParser Performance should handle concurrent parsing","invocations":1,"location":null,"numPassingAsserts":202,"retryReasons":[],"status":"passed","title":"should handle concurrent parsing"}],"endTime":1768067405239,"message":"","name":"/Users/user/Downloads/designqa/apps/saas-backend/tests/unit/figma/urlParser.test.js","startTime":1768067405050,"status":"passed","summary":""},{"assertionResults":[{"ancestorTitles":["Logger","Logging Levels"],"duration":1,"failureDetails":[],"failureMessages":[],"fullName":"Logger Logging Levels should log error messages","invocations":1,"location":null,"numPassingAsserts":3,"retryReasons":[],"status":"passed","title":"should log error messages"},{"ancestorTitles":["Logger","Logging Levels"],"duration":0,"failureDetails":[],"failureMessages":[],"fullName":"Logger Logging Levels should log warning messages","invocations":1,"location":null,"numPassingAsserts":2,"retryReasons":[],"status":"passed","title":"should log warning messages"},{"ancestorTitles":["Logger","Logging Levels"],"duration":0,"failureDetails":[],"failureMessages":[],"fullName":"Logger Logging Levels should log info messages","invocations":1,"location":null,"numPassingAsserts":2,"retryReasons":[],"status":"passed","title":"should log info messages"},{"ancestorTitles":["Logger","Logging Levels"],"duration":1,"failureDetails":[],"failureMessages":[],"fullName":"Logger Logging Levels should log debug messages in development","invocations":1,"location":null,"numPassingAsserts":2,"retryReasons":[],"status":"passed","title":"should log debug messages in development"},{"ancestorTitles":["Logger","Logging Levels"],"duration":0,"failureDetails":[],"failureMessages":[],"fullName":"Logger Logging Levels should not log debug messages in production","invocations":1,"location":null,"numPassingAsserts":1,"retryReasons":[],"status":"passed","title":"should not log debug messages in production"},{"ancestorTitles":["Logger","File Logging"],"duration":0,"failureDetails":[],"failureMessages":[],"fullName":"Logger File Logging should write to file in production","invocations":1,"location":null,"numPassingAsserts":1,"retryReasons":[],"status":"passed","title":"should write to file in production"},{"ancestorTitles":["Logger","File Logging"],"duration":0,"failureDetails":[],"failureMessages":[],"fullName":"Logger File Logging should write errors to separate error log","invocations":1,"location":null,"numPassingAsserts":3,"retryReasons":[],"status":"passed","title":"should write errors to separate error log"},{"ancestorTitles":["Logger","File Logging"],"duration":1,"failureDetails":[],"failureMessages":[],"fullName":"Logger File Logging should write to file when LOG_TO_FILE is enabled","invocations":1,"location":null,"numPassingAsserts":1,"retryReasons":[],"status":"passed","title":"should write to file when LOG_TO_FILE is enabled"},{"ancestorTitles":["Logger","Structured Logging"],"duration":0,"failureDetails":[],"failureMessages":[],"fullName":"Logger Structured Logging should log HTTP requests with metadata","invocations":1,"location":null,"numPassingAsserts":1,"retryReasons":[],"status":"passed","title":"should log HTTP requests with metadata"},{"ancestorTitles":["Logger","Structured Logging"],"duration":0,"failureDetails":[],"failureMessages":[],"fullName":"Logger Structured Logging should log comparison results","invocations":1,"location":null,"numPassingAsserts":1,"retryReasons":[],"status":"passed","title":"should log comparison results"},{"ancestorTitles":["Logger","Structured Logging"],"duration":0,"failureDetails":[],"failureMessages":[],"fullName":"Logger Structured Logging should log extraction results","invocations":1,"location":null,"numPassingAsserts":1,"retryReasons":[],"status":"passed","title":"should log extraction results"},{"ancestorTitles":["Logger","Structured Logging"],"duration":1,"failureDetails":[],"failureMessages":[],"fullName":"Logger Structured Logging should log performance with warning for slow operations","invocations":1,"location":null,"numPassingAsserts":2,"retryReasons":[],"status":"passed","title":"should log performance with warning for slow operations"},{"ancestorTitles":["Logger","Structured Logging"],"duration":0,"failureDetails":[],"failureMessages":[],"fullName":"Logger Structured Logging should log performance with info for fast operations","invocations":1,"location":null,"numPassingAsserts":1,"retryReasons":[],"status":"passed","title":"should log performance with info for fast operations"},{"ancestorTitles":["Logger","Error Handling"],"duration":0,"failureDetails":[],"failureMessages":[],"fullName":"Logger Error Handling should handle file system errors gracefully","invocations":1,"location":null,"numPassingAsserts":1,"retryReasons":[],"status":"passed","title":"should handle file system errors gracefully"},{"ancestorTitles":["Logger","Error Handling"],"duration":0,"failureDetails":[],"failureMessages":[],"fullName":"Logger Error Handling should handle missing metadata gracefully","invocations":1,"location":null,"numPassingAsserts":2,"retryReasons":[],"status":"passed","title":"should handle missing metadata gracefully"}],"endTime":1768067405366,"message":"","name":"/Users/user/Downloads/designqa/apps/saas-backend/tests/unit/utils/logger.test.js","startTime":1768067405242,"status":"passed","summary":""},{"assertionResults":[{"ancestorTitles":["Test Setup Verification"],"duration":1,"failureDetails":[],"failureMessages":[],"fullName":"Test Setup Verification should run basic test","invocations":1,"location":null,"numPassingAsserts":1,"retryReasons":[],"status":"passed","title":"should run basic test"},{"ancestorTitles":["Test Setup Verification"],"duration":0,"failureDetails":[],"failureMessages":[],"fullName":"Test Setup Verification should handle async operations","invocations":1,"location":null,"numPassingAsserts":1,"retryReasons":[],"status":"passed","title":"should handle async operations"},{"ancestorTitles":["Test Setup Verification"],"duration":0,"failureDetails":[],"failureMessages":[],"fullName":"Test Setup Verification should access global test utilities","invocations":1,"location":null,"numPassingAsserts":2,"retryReasons":[],"status":"passed","title":"should access global test utilities"},{"ancestorTitles":["Test Setup Verification"],"duration":1,"failureDetails":[],"failureMessages":[],"fullName":"Test Setup Verification should generate test config","invocations":1,"location":null,"numPassingAsserts":4,"retryReasons":[],"status":"passed","title":"should generate test config"},{"ancestorTitles":["Test Setup Verification"],"duration":0,"failureDetails":[],"failureMessages":[],"fullName":"Test Setup Verification should generate mock figma data","invocations":1,"location":null,"numPassingAsserts":3,"retryReasons":[],"status":"passed","title":"should generate mock figma data"},{"ancestorTitles":["Test Setup Verification"],"duration":0,"failureDetails":[],"failureMessages":[],"fullName":"Test Setup Verification should generate mock web data","invocations":1,"location":null,"numPassingAsserts":4,"retryReasons":[],"status":"passed","title":"should generate mock web data"}],"endTime":1768067405463,"message":"","name":"/Users/user/Downloads/designqa/apps/saas-backend/tests/unit/sample.test.js","startTime":1768067405368,"status":"passed","summary":""}],"wasInterrupted":false}
