{"numFailedTestSuites":0,"numFailedTests":0,"numPassedTestSuites":3,"numPassedTests":13,"numPendingTestSuites":2,"numPendingTests":28,"numRuntimeErrorTestSuites":0,"numTodoTests":0,"numTotalTestSuites":5,"numTotalTests":41,"openHandles":[],"snapshot":{"added":0,"didUpdate":false,"failure":false,"filesAdded":0,"filesRemoved":0,"filesRemovedList":[],"filesUnmatched":0,"filesUpdated":0,"matched":0,"total":0,"unchecked":0,"uncheckedKeysByFile":[],"unmatched":0,"updated":0},"startTime":1768101918377,"success":true,"testResults":[{"assertionResults":[{"ancestorTitles":["Repository Integration Tests","Local Adapter","ComparisonRepository"],"duration":5,"failureDetails":[],"failureMessages":[],"fullName":"Repository Integration Tests Local Adapter ComparisonRepository should create a comparison","invocations":1,"location":null,"numPassingAsserts":4,"retryReasons":[],"status":"passed","title":"should create a comparison"},{"ancestorTitles":["Repository Integration Tests","Local Adapter","ComparisonRepository"],"duration":5,"failureDetails":[],"failureMessages":[],"fullName":"Repository Integration Tests Local Adapter ComparisonRepository should find comparison by ID","invocations":1,"location":null,"numPassingAsserts":2,"retryReasons":[],"status":"passed","title":"should find comparison by ID"},{"ancestorTitles":["Repository Integration Tests","Local Adapter","ComparisonRepository"],"duration":6,"failureDetails":[],"failureMessages":[],"fullName":"Repository Integration Tests Local Adapter ComparisonRepository should update comparison","invocations":1,"location":null,"numPassingAsserts":3,"retryReasons":[],"status":"passed","title":"should update comparison"},{"ancestorTitles":["Repository Integration Tests","Local Adapter","ComparisonRepository"],"duration":0,"failureDetails":[],"failureMessages":[],"fullName":"Repository Integration Tests Local Adapter ComparisonRepository should list comparisons","invocations":1,"location":null,"numPassingAsserts":1,"retryReasons":[],"status":"passed","title":"should list comparisons"},{"ancestorTitles":["Repository Integration Tests","Local Adapter","ReportRepository"],"duration":3,"failureDetails":[],"failureMessages":[],"fullName":"Repository Integration Tests Local Adapter ReportRepository should create a report","invocations":1,"location":null,"numPassingAsserts":3,"retryReasons":[],"status":"passed","title":"should create a report"},{"ancestorTitles":["Repository Integration Tests","Local Adapter","DesignSystemRepository"],"duration":5,"failureDetails":[],"failureMessages":[],"fullName":"Repository Integration Tests Local Adapter DesignSystemRepository should create a design system","invocations":1,"location":null,"numPassingAsserts":3,"retryReasons":[],"status":"passed","title":"should create a design system"},{"ancestorTitles":["Repository Integration Tests","Local Adapter","DesignSystemRepository"],"duration":1,"failureDetails":[],"failureMessages":[],"fullName":"Repository Integration Tests Local Adapter DesignSystemRepository should find design system by slug","invocations":1,"location":null,"numPassingAsserts":3,"retryReasons":[],"status":"passed","title":"should find design system by slug"}],"endTime":1768101918754,"message":"","name":"/Users/user/Downloads/designqa/apps/saas-backend/tests/integration/database/repositories.test.js","startTime":1768101918443,"status":"passed","summary":""},{"assertionResults":[{"ancestorTitles":["Complete Workflow Integration","Configuration Integration"],"duration":1,"failureDetails":[],"failureMessages":[],"fullName":"Complete Workflow Integration Configuration Integration should respect configuration settings across modules","invocations":1,"location":null,"numPassingAsserts":3,"retryReasons":[],"status":"passed","title":"should respect configuration settings across modules"},{"ancestorTitles":["Complete Workflow Integration","Configuration Integration"],"duration":1,"failureDetails":[],"failureMessages":[],"fullName":"Complete Workflow Integration Configuration Integration should handle missing configuration gracefully","invocations":1,"location":null,"numPassingAsserts":3,"retryReasons":[],"status":"passed","title":"should handle missing configuration gracefully"},{"ancestorTitles":["Complete Workflow Integration","Report Integration"],"duration":0,"failureDetails":[],"failureMessages":[],"fullName":"Complete Workflow Integration Report Integration should generate comprehensive reports with all data","invocations":1,"location":null,"numPassingAsserts":3,"retryReasons":[],"status":"passed","title":"should generate comprehensive reports with all data"},{"ancestorTitles":["Complete Workflow Integration","Report Integration"],"duration":1,"failureDetails":[],"failureMessages":[],"fullName":"Complete Workflow Integration Report Integration should include visual comparison data when available","invocations":1,"location":null,"numPassingAsserts":3,"retryReasons":[],"status":"passed","title":"should include visual comparison data when available"}],"endTime":1768101918925,"message":"","name":"/Users/user/Downloads/designqa/apps/saas-backend/tests/integration/workflow.test.js","startTime":1768101918757,"status":"passed","summary":""},{"assertionResults":[{"ancestorTitles":["Server Integration Tests","Health endpoints"],"duration":null,"failureDetails":[],"failureMessages":[],"fullName":"Server Integration Tests Health endpoints GET /api/health should return server status","invocations":1,"location":null,"numPassingAsserts":0,"retryReasons":[],"status":"pending","title":"GET /api/health should return server status"},{"ancestorTitles":["Server Integration Tests","Health endpoints"],"duration":null,"failureDetails":[],"failureMessages":[],"fullName":"Server Integration Tests Health endpoints GET /api/v1/health should return detailed health info","invocations":1,"location":null,"numPassingAsserts":0,"retryReasons":[],"status":"pending","title":"GET /api/v1/health should return detailed health info"},{"ancestorTitles":["Server Integration Tests","Health endpoints"],"duration":null,"failureDetails":[],"failureMessages":[],"fullName":"Server Integration Tests Health endpoints GET /api/v1/health/ready should return readiness status","invocations":1,"location":null,"numPassingAsserts":0,"retryReasons":[],"status":"pending","title":"GET /api/v1/health/ready should return readiness status"},{"ancestorTitles":["Server Integration Tests","API versioning"],"duration":null,"failureDetails":[],"failureMessages":[],"fullName":"Server Integration Tests API versioning Should handle both /api and /api/v1 prefixes","invocations":1,"location":null,"numPassingAsserts":0,"retryReasons":[],"status":"pending","title":"Should handle both /api and /api/v1 prefixes"},{"ancestorTitles":["Server Integration Tests","Error handling"],"duration":null,"failureDetails":[],"failureMessages":[],"fullName":"Server Integration Tests Error handling Should return 404 for unknown API routes","invocations":1,"location":null,"numPassingAsserts":0,"retryReasons":[],"status":"pending","title":"Should return 404 for unknown API routes"},{"ancestorTitles":["Server Integration Tests","Error handling"],"duration":null,"failureDetails":[],"failureMessages":[],"fullName":"Server Integration Tests Error handling Should handle malformed requests gracefully","invocations":1,"location":null,"numPassingAsserts":0,"retryReasons":[],"status":"pending","title":"Should handle malformed requests gracefully"},{"ancestorTitles":["Server Integration Tests","Security middleware"],"duration":null,"failureDetails":[],"failureMessages":[],"fullName":"Server Integration Tests Security middleware Should include security headers","invocations":1,"location":null,"numPassingAsserts":0,"retryReasons":[],"status":"pending","title":"Should include security headers"},{"ancestorTitles":["Server Integration Tests","Security middleware"],"duration":null,"failureDetails":[],"failureMessages":[],"fullName":"Server Integration Tests Security middleware Should enforce CORS","invocations":1,"location":null,"numPassingAsserts":0,"retryReasons":[],"status":"pending","title":"Should enforce CORS"},{"ancestorTitles":["Server Integration Tests","Response format"],"duration":null,"failureDetails":[],"failureMessages":[],"fullName":"Server Integration Tests Response format Should format all API responses consistently","invocations":1,"location":null,"numPassingAsserts":0,"retryReasons":[],"status":"pending","title":"Should format all API responses consistently"}],"coverage":{},"endTime":1768101922110,"message":"","name":"/Users/user/Downloads/designqa/apps/saas-backend/tests/integration/server.test.js","startTime":1768101922110,"status":"skipped","summary":""},{"assertionResults":[{"ancestorTitles":["Enhanced Server Integration Tests","Enhanced Health Monitoring"],"duration":null,"failureDetails":[],"failureMessages":[],"fullName":"Enhanced Server Integration Tests Enhanced Health Monitoring should include browser pool stats in health check","invocations":1,"location":null,"numPassingAsserts":0,"retryReasons":[],"status":"pending","title":"should include browser pool stats in health check"},{"ancestorTitles":["Enhanced Server Integration Tests","Enhanced Health Monitoring"],"duration":null,"failureDetails":[],"failureMessages":[],"fullName":"Enhanced Server Integration Tests Enhanced Health Monitoring should provide browser pool statistics","invocations":1,"location":null,"numPassingAsserts":0,"retryReasons":[],"status":"pending","title":"should provide browser pool statistics"},{"ancestorTitles":["Enhanced Server Integration Tests","Security Middleware"],"duration":null,"failureDetails":[],"failureMessages":[],"fullName":"Enhanced Server Integration Tests Security Middleware should include security headers from Helmet","invocations":1,"location":null,"numPassingAsserts":0,"retryReasons":[],"status":"pending","title":"should include security headers from Helmet"},{"ancestorTitles":["Enhanced Server Integration Tests","Security Middleware"],"duration":null,"failureDetails":[],"failureMessages":[],"fullName":"Enhanced Server Integration Tests Security Middleware should enforce CORS properly","invocations":1,"location":null,"numPassingAsserts":0,"retryReasons":[],"status":"pending","title":"should enforce CORS properly"},{"ancestorTitles":["Enhanced Server Integration Tests","Security Middleware"],"duration":null,"failureDetails":[],"failureMessages":[],"fullName":"Enhanced Server Integration Tests Security Middleware should reject requests from unauthorized origins","invocations":1,"location":null,"numPassingAsserts":0,"retryReasons":[],"status":"pending","title":"should reject requests from unauthorized origins"},{"ancestorTitles":["Enhanced Server Integration Tests","Rate Limiting"],"duration":null,"failureDetails":[],"failureMessages":[],"fullName":"Enhanced Server Integration Tests Rate Limiting should apply rate limiting to API endpoints","invocations":1,"location":null,"numPassingAsserts":0,"retryReasons":[],"status":"pending","title":"should apply rate limiting to API endpoints"},{"ancestorTitles":["Enhanced Server Integration Tests","Rate Limiting"],"duration":null,"failureDetails":[],"failureMessages":[],"fullName":"Enhanced Server Integration Tests Rate Limiting should have stricter limits for extraction endpoints","invocations":1,"location":null,"numPassingAsserts":0,"retryReasons":[],"status":"pending","title":"should have stricter limits for extraction endpoints"},{"ancestorTitles":["Enhanced Server Integration Tests","URL Validation"],"duration":null,"failureDetails":[],"failureMessages":[],"fullName":"Enhanced Server Integration Tests URL Validation should reject dangerous protocols","invocations":1,"location":null,"numPassingAsserts":0,"retryReasons":[],"status":"pending","title":"should reject dangerous protocols"},{"ancestorTitles":["Enhanced Server Integration Tests","URL Validation"],"duration":null,"failureDetails":[],"failureMessages":[],"fullName":"Enhanced Server Integration Tests URL Validation should reject malformed URLs","invocations":1,"location":null,"numPassingAsserts":0,"retryReasons":[],"status":"pending","title":"should reject malformed URLs"},{"ancestorTitles":["Enhanced Server Integration Tests","URL Validation"],"duration":null,"failureDetails":[],"failureMessages":[],"fullName":"Enhanced Server Integration Tests URL Validation should accept valid HTTPS URLs","invocations":1,"location":null,"numPassingAsserts":0,"retryReasons":[],"status":"pending","title":"should accept valid HTTPS URLs"},{"ancestorTitles":["Enhanced Server Integration Tests","Response Formatting"],"duration":null,"failureDetails":[],"failureMessages":[],"fullName":"Enhanced Server Integration Tests Response Formatting should format all responses consistently","invocations":1,"location":null,"numPassingAsserts":0,"retryReasons":[],"status":"pending","title":"should format all responses consistently"},{"ancestorTitles":["Enhanced Server Integration Tests","Response Formatting"],"duration":null,"failureDetails":[],"failureMessages":[],"fullName":"Enhanced Server Integration Tests Response Formatting should format error responses consistently","invocations":1,"location":null,"numPassingAsserts":0,"retryReasons":[],"status":"pending","title":"should format error responses consistently"},{"ancestorTitles":["Enhanced Server Integration Tests","Enhanced Web Extraction"],"duration":null,"failureDetails":[],"failureMessages":[],"fullName":"Enhanced Server Integration Tests Enhanced Web Extraction should handle extraction cancellation","invocations":1,"location":null,"numPassingAsserts":0,"retryReasons":[],"status":"pending","title":"should handle extraction cancellation"},{"ancestorTitles":["Enhanced Server Integration Tests","Enhanced Web Extraction"],"duration":null,"failureDetails":[],"failureMessages":[],"fullName":"Enhanced Server Integration Tests Enhanced Web Extraction should validate extraction parameters","invocations":1,"location":null,"numPassingAsserts":0,"retryReasons":[],"status":"pending","title":"should validate extraction parameters"},{"ancestorTitles":["Enhanced Server Integration Tests","Request Logging"],"duration":null,"failureDetails":[],"failureMessages":[],"fullName":"Enhanced Server Integration Tests Request Logging should log requests with proper format","invocations":1,"location":null,"numPassingAsserts":0,"retryReasons":[],"status":"pending","title":"should log requests with proper format"},{"ancestorTitles":["Enhanced Server Integration Tests","Error Handling"],"duration":null,"failureDetails":[],"failureMessages":[],"fullName":"Enhanced Server Integration Tests Error Handling should handle server errors gracefully","invocations":1,"location":null,"numPassingAsserts":0,"retryReasons":[],"status":"pending","title":"should handle server errors gracefully"},{"ancestorTitles":["Enhanced Server Integration Tests","Error Handling"],"duration":null,"failureDetails":[],"failureMessages":[],"fullName":"Enhanced Server Integration Tests Error Handling should not expose stack traces in production mode","invocations":1,"location":null,"numPassingAsserts":0,"retryReasons":[],"status":"pending","title":"should not expose stack traces in production mode"},{"ancestorTitles":["Enhanced Server Integration Tests","Performance Monitoring"],"duration":null,"failureDetails":[],"failureMessages":[],"fullName":"Enhanced Server Integration Tests Performance Monitoring should include performance metrics in health check","invocations":1,"location":null,"numPassingAsserts":0,"retryReasons":[],"status":"pending","title":"should include performance metrics in health check"},{"ancestorTitles":["Enhanced Server Integration Tests","Performance Monitoring"],"duration":null,"failureDetails":[],"failureMessages":[],"fullName":"Enhanced Server Integration Tests Performance Monitoring should track memory usage","invocations":1,"location":null,"numPassingAsserts":0,"retryReasons":[],"status":"pending","title":"should track memory usage"}],"coverage":{},"endTime":1768101922110,"message":"","name":"/Users/user/Downloads/designqa/apps/saas-backend/tests/integration/enhanced-server.test.js","startTime":1768101922110,"status":"skipped","summary":""},{"assertionResults":[{"ancestorTitles":["Comparison Service Integration Tests"],"duration":11,"failureDetails":[],"failureMessages":[],"fullName":"Comparison Service Integration Tests should initialize web extractor","invocations":1,"location":null,"numPassingAsserts":1,"retryReasons":[],"status":"passed","title":"should initialize web extractor"},{"ancestorTitles":["Comparison Service Integration Tests"],"duration":1,"failureDetails":[],"failureMessages":[],"fullName":"Comparison Service Integration Tests should handle extraction errors gracefully","invocations":1,"location":null,"numPassingAsserts":2,"retryReasons":[],"status":"passed","title":"should handle extraction errors gracefully"}],"endTime":1768101922106,"message":"","name":"/Users/user/Downloads/designqa/apps/saas-backend/tests/integration/comparison-service.test.js","startTime":1768101921929,"status":"passed","summary":""}],"wasInterrupted":false}
